<?xml version="1.0" encoding="UTF-8"?>
<!-- Generated by org.testng.reporters.JUnitXMLReporter -->
<testsuite hostname="anaumenko" ignored="1" name="Check correct and incorrect login to system" tests="2" failures="0" timestamp="07 июл 2017 15:52:28 GMT" time="32.327" errors="0">
  <testcase name="testCreateUser" time="16.403" classname="com.tklender.test.tkTestUserPage"/>
  <testcase name="testDeleteUser" time="7.116" classname="com.tklender.test.tkTestUserPage"/>
  <testcase name="testEditUser" time="0.0" classname="com.tklender.test.tkTestUserPage">
    <ignored/>
  </testcase> <!-- testEditUser -->
</testsuite> <!-- Check correct and incorrect login to system -->
