<?xml version="1.0" encoding="UTF-8"?>
<!-- Generated by org.testng.reporters.JUnitXMLReporter -->
<testsuite hostname="anaumenko" ignored="6" name="Default test" tests="3" failures="0" timestamp="16 мар 2017 12:51:25 GMT" time="29.714" errors="0">
  <testcase name="testCreateUser" time="5.682" classname="com.tklender.test.tkTestUserPage"/>
  <testcase name="testEditUser" time="4.053" classname="com.tklender.test.tkTestUserPage"/>
  <testcase name="testDeleteUser" time="3.62" classname="com.tklender.test.tkTestUserPage"/>
  <testcase name="@BeforeSuite setUpBeforeSuite" time="0.0" classname="com.tklender.test.BasicTestCase">
    <ignored/>
  </testcase> <!-- @BeforeSuite setUpBeforeSuite -->
  <testcase name="@BeforeSuite setUpBeforeSuite" time="0.0" classname="com.tklender.test.BasicTestCase">
    <ignored/>
  </testcase> <!-- @BeforeSuite setUpBeforeSuite -->
  <testcase name="@BeforeSuite setUpBeforeSuite" time="0.0" classname="com.tklender.test.BasicTestCase">
    <ignored/>
  </testcase> <!-- @BeforeSuite setUpBeforeSuite -->
  <testcase name="@AfterSuite tearDownAfterSuite" time="0.0" classname="com.tklender.test.BasicTestCase">
    <ignored/>
  </testcase> <!-- @AfterSuite tearDownAfterSuite -->
  <testcase name="@AfterSuite tearDownAfterSuite" time="0.0" classname="com.tklender.test.BasicTestCase">
    <ignored/>
  </testcase> <!-- @AfterSuite tearDownAfterSuite -->
  <testcase name="@AfterSuite tearDownAfterSuite" time="0.0" classname="com.tklender.test.BasicTestCase">
    <ignored/>
  </testcase> <!-- @AfterSuite tearDownAfterSuite -->
</testsuite> <!-- Default test -->
