<?xml version="1.0" encoding="UTF-8"?>
<!-- Generated by org.testng.reporters.JUnitXMLReporter -->
<testsuite hostname="anaumenko" ignored="2" name="Test" tests="1" failures="0" timestamp="20 мар 2017 12:12:30 GMT" time="11.781" errors="0">
  <testcase name="testCreateUser" time="5.806" classname="com.tklender.test.tkTestUserPage"/>
  <testcase name="@BeforeSuite setUpBeforeSuite" time="0.0" classname="com.tklender.test.BasicTestCase">
    <ignored/>
  </testcase> <!-- @BeforeSuite setUpBeforeSuite -->
  <testcase name="@AfterSuite tearDownAfterSuite" time="0.0" classname="com.tklender.test.BasicTestCase">
    <ignored/>
  </testcase> <!-- @AfterSuite tearDownAfterSuite -->
</testsuite> <!-- Test -->
