<?xml version="1.0" encoding="UTF-8"?>
<testng-results skipped="0" failed="1" ignored="13" total="19" passed="5">
  <reporter-output>
  </reporter-output>
  <suite name="Default suite" duration-ms="66440" started-at="2017-07-05T15:13:10Z" finished-at="2017-07-05T15:14:17Z">
    <groups>
      <group name="NewApp">
        <method signature="tkTestCreateNewApp.testCreateNewApp()[pri:0, instance:com.tklender.test.tkTestCreateNewApp@33197c2f]" name="testCreateNewApp" class="com.tklender.test.tkTestCreateNewApp"/>
        <method signature="tkTestCreateNewApp.testSearchLoan()[pri:0, instance:com.tklender.test.tkTestCreateNewApp@33197c2f]" name="testSearchLoan" class="com.tklender.test.tkTestCreateNewApp"/>
      </group> <!-- NewApp -->
      <group name="NewCreditProduct">
        <method signature="tklTestCreateCreditProduct.tklTestCreateCreditProduct()[pri:0, instance:com.tklender.test.tklTestCreateCreditProduct@40ebb56]" name="tklTestCreateCreditProduct" class="com.tklender.test.tklTestCreateCreditProduct"/>
      </group> <!-- NewCreditProduct -->
    </groups>
    <test name="Default test" duration-ms="66440" started-at="2017-07-05T15:13:10Z" finished-at="2017-07-05T15:14:17Z">
      <class name="com.tklender.test.tklTestCreateCreditProduct">
        <test-method status="PASS" signature="setUpBeforeClass()[pri:0, instance:com.tklender.test.tklTestCreateCreditProduct@40ebb56]" name="setUpBeforeClass" is-config="true" duration-ms="0" started-at="2017-07-05T18:13:10Z" finished-at="2017-07-05T18:13:10Z">
          <reporter-output>
          </reporter-output>
        </test-method> <!-- setUpBeforeClass -->
        <test-method status="PASS" signature="login()[pri:0, instance:com.tklender.test.tklTestCreateCreditProduct@40ebb56]" name="login" is-config="true" duration-ms="4890" started-at="2017-07-05T18:13:10Z" finished-at="2017-07-05T18:13:15Z">
          <reporter-output>
          </reporter-output>
        </test-method> <!-- login -->
        <test-method status="PASS" signature="tklTestCreateCreditProduct()[pri:0, instance:com.tklender.test.tklTestCreateCreditProduct@40ebb56]" name="tklTestCreateCreditProduct" duration-ms="11457" started-at="2017-07-05T18:13:15Z" finished-at="2017-07-05T18:13:27Z">
          <reporter-output>
          </reporter-output>
        </test-method> <!-- tklTestCreateCreditProduct -->
        <test-method status="PASS" signature="logout()[pri:0, instance:com.tklender.test.tklTestCreateCreditProduct@40ebb56]" name="logout" is-config="true" duration-ms="908" started-at="2017-07-05T18:13:27Z" finished-at="2017-07-05T18:13:27Z">
          <reporter-output>
          </reporter-output>
        </test-method> <!-- logout -->
      </class> <!-- com.tklender.test.tklTestCreateCreditProduct -->
      <class name="com.tklender.test.tkTestUserPage">
        <test-method status="PASS" signature="login()[pri:0, instance:com.tklender.test.tkTestUserPage@5b2fc2c0]" name="login" is-config="true" duration-ms="1011" started-at="2017-07-05T18:13:46Z" finished-at="2017-07-05T18:13:47Z">
          <reporter-output>
          </reporter-output>
        </test-method> <!-- login -->
        <test-method status="PASS" signature="setUpBeforeClass()[pri:0, instance:com.tklender.test.tkTestUserPage@5b2fc2c0]" name="setUpBeforeClass" is-config="true" duration-ms="0" started-at="2017-07-05T18:13:46Z" finished-at="2017-07-05T18:13:46Z">
          <reporter-output>
          </reporter-output>
        </test-method> <!-- setUpBeforeClass -->
        <test-method status="PASS" signature="testCreateUser()[pri:1, instance:com.tklender.test.tkTestUserPage@5b2fc2c0]" name="testCreateUser" duration-ms="15116" started-at="2017-07-05T18:13:47Z" finished-at="2017-07-05T18:14:02Z">
          <reporter-output>
          </reporter-output>
        </test-method> <!-- testCreateUser -->
        <test-method status="PASS" signature="logout()[pri:0, instance:com.tklender.test.tkTestUserPage@5b2fc2c0]" name="logout" is-config="true" duration-ms="1055" started-at="2017-07-05T18:14:02Z" finished-at="2017-07-05T18:14:03Z">
          <reporter-output>
          </reporter-output>
        </test-method> <!-- logout -->
        <test-method status="PASS" signature="login()[pri:0, instance:com.tklender.test.tkTestUserPage@5b2fc2c0]" name="login" is-config="true" duration-ms="1196" started-at="2017-07-05T18:14:03Z" finished-at="2017-07-05T18:14:05Z">
          <reporter-output>
          </reporter-output>
        </test-method> <!-- login -->
        <test-method status="PASS" signature="testEditUser()[pri:2, instance:com.tklender.test.tkTestUserPage@5b2fc2c0]" name="testEditUser" duration-ms="4834" started-at="2017-07-05T18:14:05Z" finished-at="2017-07-05T18:14:09Z">
          <reporter-output>
          </reporter-output>
        </test-method> <!-- testEditUser -->
        <test-method status="PASS" signature="logout()[pri:0, instance:com.tklender.test.tkTestUserPage@5b2fc2c0]" name="logout" is-config="true" duration-ms="896" started-at="2017-07-05T18:14:09Z" finished-at="2017-07-05T18:14:10Z">
          <reporter-output>
          </reporter-output>
        </test-method> <!-- logout -->
        <test-method status="PASS" signature="login()[pri:0, instance:com.tklender.test.tkTestUserPage@5b2fc2c0]" name="login" is-config="true" duration-ms="1263" started-at="2017-07-05T18:14:10Z" finished-at="2017-07-05T18:14:12Z">
          <reporter-output>
          </reporter-output>
        </test-method> <!-- login -->
        <test-method status="PASS" signature="testDeleteUser()[pri:3, instance:com.tklender.test.tkTestUserPage@5b2fc2c0]" name="testDeleteUser" duration-ms="4385" started-at="2017-07-05T18:14:12Z" finished-at="2017-07-05T18:14:16Z">
          <reporter-output>
          </reporter-output>
        </test-method> <!-- testDeleteUser -->
        <test-method status="PASS" signature="logout()[pri:0, instance:com.tklender.test.tkTestUserPage@5b2fc2c0]" name="logout" is-config="true" duration-ms="661" started-at="2017-07-05T18:14:16Z" finished-at="2017-07-05T18:14:17Z">
          <reporter-output>
          </reporter-output>
        </test-method> <!-- logout -->
      </class> <!-- com.tklender.test.tkTestUserPage -->
      <class name="com.tklender.test.BasicTestCase">
        <test-method status="PASS" signature="setUpBeforeSuite()[pri:0, instance:com.tklender.test.BasicTestCase@3da55998]" name="setUpBeforeSuite" is-config="true" duration-ms="19" started-at="2017-07-05T18:13:10Z" finished-at="2017-07-05T18:13:10Z">
          <reporter-output>
          </reporter-output>
        </test-method> <!-- setUpBeforeSuite -->
        <test-method status="PASS" signature="tearDownAfterSuite()[pri:0, instance:com.tklender.test.BasicTestCase@3da55998]" name="tearDownAfterSuite" is-config="true" duration-ms="1549" started-at="2017-07-05T18:14:17Z" finished-at="2017-07-05T18:14:18Z">
          <reporter-output>
          </reporter-output>
        </test-method> <!-- tearDownAfterSuite -->
      </class> <!-- com.tklender.test.BasicTestCase -->
      <class name="com.tklender.test.tkTestCreateNewApp">
        <test-method status="PASS" signature="login()[pri:0, instance:com.tklender.test.tkTestCreateNewApp@33197c2f]" name="login" is-config="true" duration-ms="1150" started-at="2017-07-05T18:13:27Z" finished-at="2017-07-05T18:13:29Z">
          <reporter-output>
          </reporter-output>
        </test-method> <!-- login -->
        <test-method status="PASS" signature="setUpBeforeClass()[pri:0, instance:com.tklender.test.tkTestCreateNewApp@33197c2f]" name="setUpBeforeClass" is-config="true" duration-ms="0" started-at="2017-07-05T18:13:27Z" finished-at="2017-07-05T18:13:27Z">
          <reporter-output>
          </reporter-output>
        </test-method> <!-- setUpBeforeClass -->
        <test-method status="FAIL" signature="testCreateNewApp()[pri:0, instance:com.tklender.test.tkTestCreateNewApp@33197c2f]" name="testCreateNewApp" duration-ms="3249" started-at="2017-07-05T18:13:29Z" finished-at="2017-07-05T18:13:32Z">
          <exception class="org.openqa.selenium.StaleElementReferenceException">
            <message>
              <![CDATA[stale element reference: element is not attached to the page document
  (Session info: chrome=59.0.3071.115)
  (Driver info: chromedriver=2.29.461591 (62ebf098771772160f391d75e589dc567915b233),platform=Windows NT 6.1.7601 SP1 x86_64) (WARNING: The server did not provide any stacktrace information)
Command duration or timeout: 28 milliseconds
For documentation on this error, please visit: http://seleniumhq.org/exceptions/stale_element_reference.html
Build info: version: '3.3.1', revision: '5234b32', time: '2017-03-10 09:04:52 -0800'
System info: host: 'ANAUMENKO', ip: '192.168.0.178', os.name: 'Windows 7', os.arch: 'amd64', os.version: '6.1', java.version: '1.8.0_112'
Driver info: org.openqa.selenium.chrome.ChromeDriver
Capabilities [{applicationCacheEnabled=false, rotatable=false, mobileEmulationEnabled=false, networkConnectionEnabled=false, chrome={chromedriverVersion=2.29.461591 (62ebf098771772160f391d75e589dc567915b233), userDataDir=C:\Users\ANAUME~1\AppData\Local\Temp\scoped_dir11968_26946}, takesHeapSnapshot=true, pageLoadStrategy=normal, databaseEnabled=false, handlesAlerts=true, hasTouchScreen=false, version=59.0.3071.115, platform=XP, browserConnectionEnabled=false, nativeEvents=true, acceptSslCerts=true, locationContextEnabled=true, webStorageEnabled=true, browserName=chrome, takesScreenshot=true, javascriptEnabled=true, cssSelectorsEnabled=true, unexpectedAlertBehaviour=}]
Session ID: 7225132805552b2ea3d9181598d25694]]>
            </message>
            <full-stacktrace>
              <![CDATA[org.openqa.selenium.StaleElementReferenceException: stale element reference: element is not attached to the page document
  (Session info: chrome=59.0.3071.115)
  (Driver info: chromedriver=2.29.461591 (62ebf098771772160f391d75e589dc567915b233),platform=Windows NT 6.1.7601 SP1 x86_64) (WARNING: The server did not provide any stacktrace information)
Command duration or timeout: 28 milliseconds
For documentation on this error, please visit: http://seleniumhq.org/exceptions/stale_element_reference.html
Build info: version: '3.3.1', revision: '5234b32', time: '2017-03-10 09:04:52 -0800'
System info: host: 'ANAUMENKO', ip: '192.168.0.178', os.name: 'Windows 7', os.arch: 'amd64', os.version: '6.1', java.version: '1.8.0_112'
Driver info: org.openqa.selenium.chrome.ChromeDriver
Capabilities [{applicationCacheEnabled=false, rotatable=false, mobileEmulationEnabled=false, networkConnectionEnabled=false, chrome={chromedriverVersion=2.29.461591 (62ebf098771772160f391d75e589dc567915b233), userDataDir=C:\Users\ANAUME~1\AppData\Local\Temp\scoped_dir11968_26946}, takesHeapSnapshot=true, pageLoadStrategy=normal, databaseEnabled=false, handlesAlerts=true, hasTouchScreen=false, version=59.0.3071.115, platform=XP, browserConnectionEnabled=false, nativeEvents=true, acceptSslCerts=true, locationContextEnabled=true, webStorageEnabled=true, browserName=chrome, takesScreenshot=true, javascriptEnabled=true, cssSelectorsEnabled=true, unexpectedAlertBehaviour=}]
Session ID: 7225132805552b2ea3d9181598d25694
	at sun.reflect.NativeConstructorAccessorImpl.newInstance0(Native Method)
	at sun.reflect.NativeConstructorAccessorImpl.newInstance(NativeConstructorAccessorImpl.java:62)
	at sun.reflect.DelegatingConstructorAccessorImpl.newInstance(DelegatingConstructorAccessorImpl.java:45)
	at java.lang.reflect.Constructor.newInstance(Constructor.java:423)
	at org.openqa.selenium.remote.ErrorHandler.createThrowable(ErrorHandler.java:216)
	at org.openqa.selenium.remote.ErrorHandler.throwIfResponseFailed(ErrorHandler.java:168)
	at org.openqa.selenium.remote.RemoteWebDriver.execute(RemoteWebDriver.java:638)
	at org.openqa.selenium.remote.RemoteWebElement.execute(RemoteWebElement.java:274)
	at org.openqa.selenium.remote.RemoteWebElement.click(RemoteWebElement.java:84)
	at sun.reflect.NativeMethodAccessorImpl.invoke0(Native Method)
	at sun.reflect.NativeMethodAccessorImpl.invoke(NativeMethodAccessorImpl.java:62)
	at sun.reflect.DelegatingMethodAccessorImpl.invoke(DelegatingMethodAccessorImpl.java:43)
	at java.lang.reflect.Method.invoke(Method.java:498)
	at org.openqa.selenium.support.pagefactory.internal.LocatingElementHandler.invoke(LocatingElementHandler.java:51)
	at com.sun.proxy.$Proxy15.click(Unknown Source)
	at com.tklender.pages.CustomerVerificationPage.clickNewCustomerButton(CustomerVerificationPage.java:23)
	at com.tklender.test.tkTestCreateNewApp.testCreateNewApp(tkTestCreateNewApp.java:28)
	at sun.reflect.NativeMethodAccessorImpl.invoke0(Native Method)
	at sun.reflect.NativeMethodAccessorImpl.invoke(NativeMethodAccessorImpl.java:62)
	at sun.reflect.DelegatingMethodAccessorImpl.invoke(DelegatingMethodAccessorImpl.java:43)
	at java.lang.reflect.Method.invoke(Method.java:498)
	at org.testng.internal.MethodInvocationHelper.invokeMethod(MethodInvocationHelper.java:108)
	at org.testng.internal.Invoker.invokeMethod(Invoker.java:661)
	at org.testng.internal.Invoker.invokeTestMethod(Invoker.java:869)
	at org.testng.internal.Invoker.invokeTestMethods(Invoker.java:1193)
	at org.testng.internal.TestMethodWorker.invokeTestMethods(TestMethodWorker.java:126)
	at org.testng.internal.TestMethodWorker.run(TestMethodWorker.java:109)
	at org.testng.TestRunner.privateRun(TestRunner.java:744)
	at org.testng.TestRunner.run(TestRunner.java:602)
	at org.testng.SuiteRunner.runTest(SuiteRunner.java:380)
	at org.testng.SuiteRunner.runSequentially(SuiteRunner.java:375)
	at org.testng.SuiteRunner.privateRun(SuiteRunner.java:340)
	at org.testng.SuiteRunner.run(SuiteRunner.java:289)
	at org.testng.SuiteRunnerWorker.runSuite(SuiteRunnerWorker.java:52)
	at org.testng.SuiteRunnerWorker.run(SuiteRunnerWorker.java:86)
	at org.testng.TestNG.runSuitesSequentially(TestNG.java:1301)
	at org.testng.TestNG.runSuitesLocally(TestNG.java:1226)
	at org.testng.TestNG.runSuites(TestNG.java:1144)
	at org.testng.TestNG.run(TestNG.java:1115)
	at org.testng.remote.AbstractRemoteTestNG.run(AbstractRemoteTestNG.java:132)
	at org.testng.remote.RemoteTestNG.initAndRun(RemoteTestNG.java:230)
	at org.testng.remote.RemoteTestNG.main(RemoteTestNG.java:76)
]]>
            </full-stacktrace>
          </exception> <!-- org.openqa.selenium.StaleElementReferenceException -->
          <reporter-output>
          </reporter-output>
        </test-method> <!-- testCreateNewApp -->
        <test-method status="PASS" signature="logout()[pri:0, instance:com.tklender.test.tkTestCreateNewApp@33197c2f]" name="logout" is-config="true" duration-ms="493" started-at="2017-07-05T18:13:32Z" finished-at="2017-07-05T18:13:32Z">
          <reporter-output>
          </reporter-output>
        </test-method> <!-- logout -->
        <test-method status="PASS" signature="login()[pri:0, instance:com.tklender.test.tkTestCreateNewApp@33197c2f]" name="login" is-config="true" duration-ms="1120" started-at="2017-07-05T18:13:32Z" finished-at="2017-07-05T18:13:34Z">
          <reporter-output>
          </reporter-output>
        </test-method> <!-- login -->
        <test-method status="PASS" signature="testSearchLoan()[pri:0, instance:com.tklender.test.tkTestCreateNewApp@33197c2f]" name="testSearchLoan" duration-ms="12079" started-at="2017-07-05T18:13:34Z" finished-at="2017-07-05T18:13:46Z">
          <reporter-output>
          </reporter-output>
        </test-method> <!-- testSearchLoan -->
        <test-method status="PASS" signature="logout()[pri:0, instance:com.tklender.test.tkTestCreateNewApp@33197c2f]" name="logout" is-config="true" duration-ms="520" started-at="2017-07-05T18:13:46Z" finished-at="2017-07-05T18:13:46Z">
          <reporter-output>
          </reporter-output>
        </test-method> <!-- logout -->
      </class> <!-- com.tklender.test.tkTestCreateNewApp -->
    </test> <!-- Default test -->
  </suite> <!-- Default suite -->
</testng-results>
