<?xml version="1.0" encoding="UTF-8"?>
<testng-results skipped="0" failed="0" ignored="6" total="9" passed="3">
  <reporter-output>
  </reporter-output>
  <suite name="Default suite" duration-ms="29714" started-at="2017-03-16T12:50:55Z" finished-at="2017-03-16T12:51:24Z">
    <groups>
    </groups>
    <test name="Default test" duration-ms="29714" started-at="2017-03-16T12:50:55Z" finished-at="2017-03-16T12:51:24Z">
      <class name="com.tklender.test.tkTestUserPage">
        <test-method status="PASS" signature="setUpBeforeSuite()[pri:0, instance:com.tklender.test.tkTestUserPage@20ccf40b]" name="setUpBeforeSuite" is-config="true" duration-ms="19" started-at="2017-03-16T14:50:55Z" finished-at="2017-03-16T14:50:55Z">
          <reporter-output>
          </reporter-output>
        </test-method> <!-- setUpBeforeSuite -->
        <test-method status="PASS" signature="setUpBeforeClass()[pri:0, instance:com.tklender.test.tkTestUserPage@20ccf40b]" name="setUpBeforeClass" is-config="true" duration-ms="1" started-at="2017-03-16T14:50:55Z" finished-at="2017-03-16T14:50:55Z">
          <reporter-output>
          </reporter-output>
        </test-method> <!-- setUpBeforeClass -->
        <test-method status="PASS" signature="login()[pri:0, instance:com.tklender.test.tkTestUserPage@20ccf40b]" name="login" is-config="true" duration-ms="6139" started-at="2017-03-16T14:50:55Z" finished-at="2017-03-16T14:51:01Z">
          <reporter-output>
          </reporter-output>
        </test-method> <!-- login -->
        <test-method status="PASS" signature="testCreateUser()[pri:1, instance:com.tklender.test.tkTestUserPage@20ccf40b]" name="testCreateUser" duration-ms="5682" started-at="2017-03-16T14:51:01Z" finished-at="2017-03-16T14:51:07Z">
          <reporter-output>
          </reporter-output>
        </test-method> <!-- testCreateUser -->
        <test-method status="PASS" signature="logout()[pri:0, instance:com.tklender.test.tkTestUserPage@20ccf40b]" name="logout" is-config="true" duration-ms="594" started-at="2017-03-16T14:51:07Z" finished-at="2017-03-16T14:51:07Z">
          <reporter-output>
          </reporter-output>
        </test-method> <!-- logout -->
        <test-method status="PASS" signature="login()[pri:0, instance:com.tklender.test.tkTestUserPage@20ccf40b]" name="login" is-config="true" duration-ms="3659" started-at="2017-03-16T14:51:07Z" finished-at="2017-03-16T14:51:11Z">
          <reporter-output>
          </reporter-output>
        </test-method> <!-- login -->
        <test-method status="PASS" signature="testEditUser()[pri:2, instance:com.tklender.test.tkTestUserPage@20ccf40b]" name="testEditUser" duration-ms="4053" started-at="2017-03-16T14:51:11Z" finished-at="2017-03-16T14:51:15Z">
          <reporter-output>
          </reporter-output>
        </test-method> <!-- testEditUser -->
        <test-method status="PASS" signature="logout()[pri:0, instance:com.tklender.test.tkTestUserPage@20ccf40b]" name="logout" is-config="true" duration-ms="1591" started-at="2017-03-16T14:51:15Z" finished-at="2017-03-16T14:51:16Z">
          <reporter-output>
          </reporter-output>
        </test-method> <!-- logout -->
        <test-method status="PASS" signature="login()[pri:0, instance:com.tklender.test.tkTestUserPage@20ccf40b]" name="login" is-config="true" duration-ms="3552" started-at="2017-03-16T14:51:16Z" finished-at="2017-03-16T14:51:20Z">
          <reporter-output>
          </reporter-output>
        </test-method> <!-- login -->
        <test-method status="PASS" signature="testDeleteUser()[pri:3, instance:com.tklender.test.tkTestUserPage@20ccf40b]" name="testDeleteUser" duration-ms="3620" started-at="2017-03-16T14:51:20Z" finished-at="2017-03-16T14:51:24Z">
          <reporter-output>
          </reporter-output>
        </test-method> <!-- testDeleteUser -->
        <test-method status="PASS" signature="logout()[pri:0, instance:com.tklender.test.tkTestUserPage@20ccf40b]" name="logout" is-config="true" duration-ms="804" started-at="2017-03-16T14:51:24Z" finished-at="2017-03-16T14:51:24Z">
          <reporter-output>
          </reporter-output>
        </test-method> <!-- logout -->
        <test-method status="PASS" signature="tearDownAfterSuite()[pri:0, instance:com.tklender.test.tkTestUserPage@20ccf40b]" name="tearDownAfterSuite" is-config="true" duration-ms="1195" started-at="2017-03-16T14:51:25Z" finished-at="2017-03-16T14:51:26Z">
          <reporter-output>
          </reporter-output>
        </test-method> <!-- tearDownAfterSuite -->
      </class> <!-- com.tklender.test.tkTestUserPage -->
    </test> <!-- Default test -->
  </suite> <!-- Default suite -->
</testng-results>
